#
# There is insufficient memory for the Java Runtime Environment to continue.
# Native memory allocation (malloc) failed to allocate 101456 bytes for Chunk::new
# Possible reasons:
#   The system is out of physical RAM or swap space
#   In 32 bit mode, the process size limit was hit
# Possible solutions:
#   Reduce memory load on the system
#   Increase physical memory or swap space
#   Check if swap backing store is full
#   Use 64 bit Java on a 64 bit OS
#   Decrease Java heap size (-Xmx/-Xms)
#   Decrease number of Java threads
#   Decrease Java thread stack sizes (-Xss)
#   Set larger code cache with -XX:ReservedCodeCacheSize=
# This output file may be truncated or incomplete.
#
#  Out of Memory Error (allocation.cpp:390), pid=10036, tid=0x0000000000000808
#
# JRE version: OpenJDK Runtime Environment (8.0) (build 1.8.0-adoptopenjdk-_2018_05_19_00_59-b00)
# Java VM: OpenJDK 64-Bit Server VM (25.71-b00 mixed mode windows-amd64 compressed oops)
# Failed to write core dump. Minidumps are not enabled by default on client versions of Windows
#

---------------  T H R E A D  ---------------

Current thread (0x000000001a0ad000):  JavaThread "C2 CompilerThread1" daemon [_thread_in_native, id=2056, stack(0x000000001a980000,0x000000001aa80000)]

Stack: [0x000000001a980000,0x000000001aa80000]
[error occurred during error reporting (printing stack bounds), id 0xc0000005]

Native frames: (J=compiled Java code, j=interpreted, Vv=VM code, C=native code)


Current CompileTask:
C2:    353  398  s    4       sun.misc.URLClassPath::getNextLoader (88 bytes)


---------------  P R O C E S S  ---------------

Java Threads: ( => current thread )
  0x000000001a140000 JavaThread "Service Thread" daemon [_thread_blocked, id=19460, stack(0x000000001ac80000,0x000000001ad80000)]
  0x000000001818e000 JavaThread "C1 CompilerThread3" daemon [_thread_blocked, id=15564, stack(0x000000001ab80000,0x000000001ac80000)]
  0x000000001a0b0000 JavaThread "C2 CompilerThread2" daemon [_thread_blocked, id=2164, stack(0x000000001aa80000,0x000000001ab80000)]
=>0x000000001a0ad000 JavaThread "C2 CompilerThread1" daemon [_thread_in_native, id=2056, stack(0x000000001a980000,0x000000001aa80000)]
  0x000000001a0aa000 JavaThread "C2 CompilerThread0" daemon [_thread_blocked, id=20248, stack(0x000000001a880000,0x000000001a980000)]
  0x000000001a0a9000 JavaThread "Attach Listener" daemon [_thread_blocked, id=21380, stack(0x000000001a780000,0x000000001a880000)]
  0x000000001a0a8000 JavaThread "Signal Dispatcher" daemon [_thread_blocked, id=9240, stack(0x000000001a680000,0x000000001a780000)]
  0x000000001a0a1000 JavaThread "Finalizer" daemon [_thread_blocked, id=18864, stack(0x000000001a480000,0x000000001a580000)]
  0x000000001817b000 JavaThread "Reference Handler" daemon [_thread_blocked, id=9244, stack(0x0000000019f80000,0x000000001a080000)]
  0x000000000301e000 JavaThread "main" [_thread_in_native, id=15092, stack(0x0000000003040000,0x0000000003140000)]

Other Threads:
  0x0000000018176800 VMThread [stack: 0x0000000019e80000,0x0000000019f80000] [id=22164]
  0x000000001a141800 WatcherThread [stack: 0x000000001ad80000,0x000000001ae80000] [id=1848]

VM state:not at safepoint (normal execution)

VM Mutex/Monitor currently owned by a thread: None

Heap:
 PSYoungGen      total 37888K, used 15729K [0x00000000d6000000, 0x00000000d8a00000, 0x0000000100000000)
  eden space 32768K, 48% used [0x00000000d6000000,0x00000000d6f5c7d0,0x00000000d8000000)
  from space 5120K, 0% used [0x00000000d8500000,0x00000000d8500000,0x00000000d8a00000)
  to   space 5120K, 0% used [0x00000000d8000000,0x00000000d8000000,0x00000000d8500000)
 ParOldGen       total 86016K, used 0K [0x0000000082000000, 0x0000000087400000, 0x00000000d6000000)
  object space 86016K, 0% used [0x0000000082000000,0x0000000082000000,0x0000000087400000)
 Metaspace       used 5073K, capacity 5624K, committed 5888K, reserved 1056768K
  class space    used 626K, capacity 664K, committed 768K, reserved 1048576K

Card table byte_map: [0x0000000012600000,0x0000000012a00000] byte_map_base: 0x00000000121f0000

Marking Bits: (ParMarkBitMap*) 0x0000000068aabe50
 Begin Bits: [0x00000000134a0000, 0x0000000015420000)
 End Bits:   [0x0000000015420000, 0x00000000173a0000)

Polling page: 0x0000000001720000

CodeCache: size=245760Kb used=2147Kb max_used=2164Kb free=243612Kb
 bounds [0x0000000003240000, 0x00000000034b0000, 0x0000000012240000]
 total_blobs=670 nmethods=409 adapters=175
 compilation: enabled

Compilation events (10 events):
Event: 0.335 Thread 0x000000001818e000  406  s    1       java.util.Vector::size (5 bytes)
Event: 0.335 Thread 0x000000001818e000 nmethod 406 0x0000000003456f90 code [0x00000000034570e0, 0x0000000003457350]
Event: 0.337 Thread 0x000000001818e000  407       3       java.util.ArrayList$Itr::hasNext (20 bytes)
Event: 0.338 Thread 0x000000001818e000 nmethod 407 0x0000000003456bd0 code [0x0000000003456d20, 0x0000000003456ef0]
Event: 0.338 Thread 0x000000001818e000  408       3       java.util.regex.Pattern$Node::<init> (12 bytes)
Event: 0.338 Thread 0x000000001818e000 nmethod 408 0x00000000034567d0 code [0x0000000003456940, 0x0000000003456b10]
Event: 0.338 Thread 0x000000001818e000  409       3       sun.misc.ASCIICaseInsensitiveComparator::compare (126 bytes)
Event: 0.339 Thread 0x000000001818e000 nmethod 409 0x0000000003455390 code [0x00000000034555a0, 0x0000000003456198]
Event: 0.339 Thread 0x000000001818e000  410       3       java.util.Stack::empty (13 bytes)
Event: 0.339 Thread 0x000000001818e000 nmethod 410 0x0000000003454d90 code [0x0000000003454f00, 0x00000000034552d0]

GC Heap History (0 events):
No events

Deoptimization events (1 events):
Event: 0.154 Thread 0x000000000301e000 Uncommon trap: reason=unstable_if action=reinterpret pc=0x00000000033958d8 method=java.lang.String.toLowerCase(Ljava/util/Locale;)Ljava/lang/String; @ 85

Classes redefined (0 events):
No events

Internal exceptions (10 events):
Event: 0.022 Thread 0x000000000301e000 Exception <a 'java/lang/NoSuchMethodError': Method sun.misc.Unsafe.prefetchRead(Ljava/lang/Object;J)V name or signature does not match> (0x00000000d6007f98) thrown at [C:\Users\jenkins\workspace\openjdk8_build_x86-64_windows\openjdk\hotspot\src\share\vm\p
Event: 0.156 Thread 0x000000000301e000 Exception <a 'java/security/PrivilegedActionException'> (0x00000000d65e3de8) thrown at [C:\Users\jenkins\workspace\openjdk8_build_x86-64_windows\openjdk\hotspot\src\share\vm\prims\jvm.cpp, line 1435]
Event: 0.156 Thread 0x000000000301e000 Exception <a 'java/security/PrivilegedActionException'> (0x00000000d65e3ff8) thrown at [C:\Users\jenkins\workspace\openjdk8_build_x86-64_windows\openjdk\hotspot\src\share\vm\prims\jvm.cpp, line 1435]
Event: 0.157 Thread 0x000000000301e000 Exception <a 'java/security/PrivilegedActionException'> (0x00000000d65e9d30) thrown at [C:\Users\jenkins\workspace\openjdk8_build_x86-64_windows\openjdk\hotspot\src\share\vm\prims\jvm.cpp, line 1435]
Event: 0.157 Thread 0x000000000301e000 Exception <a 'java/security/PrivilegedActionException'> (0x00000000d65e9f40) thrown at [C:\Users\jenkins\workspace\openjdk8_build_x86-64_windows\openjdk\hotspot\src\share\vm\prims\jvm.cpp, line 1435]
Event: 0.157 Thread 0x000000000301e000 Exception <a 'java/security/PrivilegedActionException'> (0x00000000d65ebec0) thrown at [C:\Users\jenkins\workspace\openjdk8_build_x86-64_windows\openjdk\hotspot\src\share\vm\prims\jvm.cpp, line 1435]
Event: 0.157 Thread 0x000000000301e000 Exception <a 'java/security/PrivilegedActionException'> (0x00000000d65ec0d0) thrown at [C:\Users\jenkins\workspace\openjdk8_build_x86-64_windows\openjdk\hotspot\src\share\vm\prims\jvm.cpp, line 1435]
Event: 0.261 Thread 0x000000000301e000 Exception <a 'java/lang/ArrayIndexOutOfBoundsException': 100> (0x00000000d6ac2338) thrown at [C:\Users\jenkins\workspace\openjdk8_build_x86-64_windows\openjdk\hotspot\src\share\vm\interpreter\interpreterRuntime.cpp, line 366]
Event: 0.262 Thread 0x000000000301e000 Exception <a 'java/lang/ArrayIndexOutOfBoundsException': 18> (0x00000000d6ac3270) thrown at [C:\Users\jenkins\workspace\openjdk8_build_x86-64_windows\openjdk\hotspot\src\share\vm\interpreter\interpreterRuntime.cpp, line 366]
Event: 0.262 Thread 0x000000000301e000 Exception <a 'java/lang/ArrayIndexOutOfBoundsException': 40> (0x00000000d6ac3ea0) thrown at [C:\Users\jenkins\workspace\openjdk8_build_x86-64_windows\openjdk\hotspot\src\share\vm\interpreter\interpreterRuntime.cpp, line 366]

Events (10 events):
Event: 0.338 loading class org/gradle/internal/scripts/ScriptingLanguages
Event: 0.338 loading class org/gradle/internal/scripts/ScriptingLanguages done
Event: 0.339 loading class org/gradle/scripts/ScriptingLanguage
Event: 0.339 loading class org/gradle/scripts/ScriptingLanguage done
Event: 0.339 loading class org/gradle/internal/scripts/ScriptingLanguages$1
Event: 0.339 loading class org/gradle/internal/scripts/ScriptingLanguages$1 done
Event: 0.340 loading class org/gradle/initialization/layout/BuildLayout
Event: 0.340 loading class org/gradle/initialization/layout/BuildLayout done
Event: 0.340 loading class org/gradle/initialization/SettingsLocation
Event: 0.340 loading class org/gradle/initialization/SettingsLocation done


Dynamic libraries:
0x00007ff7a0fe0000 - 0x00007ff7a1015000 	C:\Program Files\Unity\Hub\Editor\2019.2.9f1\Editor\Data\PlaybackEngines\AndroidPlayer\Tools\OpenJDK\Windows\bin\java.exe
0x00007ff99df40000 - 0x00007ff99e130000 	C:\WINDOWS\SYSTEM32\ntdll.dll
0x00007ff99da60000 - 0x00007ff99db12000 	C:\WINDOWS\System32\KERNEL32.DLL
0x00007ff99bd40000 - 0x00007ff99bfe3000 	C:\WINDOWS\System32\KERNELBASE.dll
0x00007ff99bff0000 - 0x00007ff99c093000 	C:\WINDOWS\System32\ADVAPI32.dll
0x00007ff99cd20000 - 0x00007ff99cdbe000 	C:\WINDOWS\System32\msvcrt.dll
0x00007ff99c100000 - 0x00007ff99c197000 	C:\WINDOWS\System32\sechost.dll
0x00007ff99d650000 - 0x00007ff99d770000 	C:\WINDOWS\System32\RPCRT4.dll
0x00007ff99dc00000 - 0x00007ff99dd94000 	C:\WINDOWS\System32\USER32.dll
0x00007ff99b6b0000 - 0x00007ff99b6d1000 	C:\WINDOWS\System32\win32u.dll
0x00007ff99cae0000 - 0x00007ff99cb06000 	C:\WINDOWS\System32\GDI32.dll
0x00007ff99b830000 - 0x00007ff99b9c4000 	C:\WINDOWS\System32\gdi32full.dll
0x00007ff99b760000 - 0x00007ff99b7fe000 	C:\WINDOWS\System32\msvcp_win.dll
0x00007ff99baa0000 - 0x00007ff99bb9a000 	C:\WINDOWS\System32\ucrtbase.dll
0x00007ff989d10000 - 0x00007ff989f95000 	C:\WINDOWS\WinSxS\amd64_microsoft.windows.common-controls_6595b64144ccf1df_6.0.18362.476_none_e6c4b11b130f2595\COMCTL32.dll
0x00007ff99d230000 - 0x00007ff99d566000 	C:\WINDOWS\System32\combase.dll
0x00007ff99b6e0000 - 0x00007ff99b760000 	C:\WINDOWS\System32\bcryptPrimitives.dll
0x00007ff99db20000 - 0x00007ff99db4e000 	C:\WINDOWS\System32\IMM32.DLL
0x0000000069fe0000 - 0x000000006a0b2000 	C:\Program Files\Unity\Hub\Editor\2019.2.9f1\Editor\Data\PlaybackEngines\AndroidPlayer\Tools\OpenJDK\Windows\jre\bin\msvcr100.dll
0x00000000682e0000 - 0x0000000068b29000 	C:\Program Files\Unity\Hub\Editor\2019.2.9f1\Editor\Data\PlaybackEngines\AndroidPlayer\Tools\OpenJDK\Windows\jre\bin\server\jvm.dll
0x00007ff99c1c0000 - 0x00007ff99c1c8000 	C:\WINDOWS\System32\PSAPI.DLL
0x00007ff990af0000 - 0x00007ff990af9000 	C:\WINDOWS\SYSTEM32\WSOCK32.dll
0x00007ff998a90000 - 0x00007ff998ab4000 	C:\WINDOWS\SYSTEM32\WINMM.dll
0x00007ff98a5b0000 - 0x00007ff98a5ba000 	C:\WINDOWS\SYSTEM32\VERSION.dll
0x00007ff99cb10000 - 0x00007ff99cb7f000 	C:\WINDOWS\System32\WS2_32.dll
0x00007ff9989a0000 - 0x00007ff9989cd000 	C:\WINDOWS\SYSTEM32\WINMMBASE.dll
0x00007ff99bba0000 - 0x00007ff99bbea000 	C:\WINDOWS\System32\cfgmgr32.dll
0x00007ff990ae0000 - 0x00007ff990aef000 	C:\Program Files\Unity\Hub\Editor\2019.2.9f1\Editor\Data\PlaybackEngines\AndroidPlayer\Tools\OpenJDK\Windows\jre\bin\verify.dll
0x00007ff990a10000 - 0x00007ff990a39000 	C:\Program Files\Unity\Hub\Editor\2019.2.9f1\Editor\Data\PlaybackEngines\AndroidPlayer\Tools\OpenJDK\Windows\jre\bin\java.dll
0x00007ff990a70000 - 0x00007ff990a86000 	C:\Program Files\Unity\Hub\Editor\2019.2.9f1\Editor\Data\PlaybackEngines\AndroidPlayer\Tools\OpenJDK\Windows\jre\bin\zip.dll
0x00007ff99c360000 - 0x00007ff99ca45000 	C:\WINDOWS\System32\SHELL32.dll
0x00007ff99c2b0000 - 0x00007ff99c359000 	C:\WINDOWS\System32\shcore.dll
0x00007ff99aed0000 - 0x00007ff99b64e000 	C:\WINDOWS\System32\windows.storage.dll
0x00007ff99aeb0000 - 0x00007ff99aecf000 	C:\WINDOWS\System32\profapi.dll
0x00007ff99ae60000 - 0x00007ff99aeaa000 	C:\WINDOWS\System32\powrprof.dll
0x00007ff99ae10000 - 0x00007ff99ae20000 	C:\WINDOWS\System32\UMPDC.dll
0x00007ff99cb80000 - 0x00007ff99cbd2000 	C:\WINDOWS\System32\shlwapi.dll
0x00007ff99ae20000 - 0x00007ff99ae31000 	C:\WINDOWS\System32\kernel.appcore.dll
0x00007ff99b9d0000 - 0x00007ff99b9e7000 	C:\WINDOWS\System32\cryptsp.dll

VM Arguments:
java_command: org.gradle.launcher.GradleMain -Dorg.gradle.jvmargs=-Xmx4096m --stop
java_class_path (initial): C:\Program Files\Unity\Hub\Editor\2019.2.9f1\Editor\Data\PlaybackEngines\AndroidPlayer\Tools\gradle\lib\gradle-launcher-5.1.1.jar
Launcher Type: SUN_STANDARD

Environment Variables:
JAVA_HOME=C:\Program Files\Unity\Hub\Editor\2019.2.9f1\Editor\Data\PlaybackEngines\AndroidPlayer/Tools\OpenJDK\Windows
PATH=C:\Program Files (x86)\Common Files\Oracle\Java\javapath;C:\WINDOWS\system32;C:\WINDOWS;C:\WINDOWS\System32\Wbem;C:\WINDOWS\System32\WindowsPowerShell\v1.0\;C:\WINDOWS\System32\OpenSSH\;C:\Program Files (x86)\Microsoft SQL Server\110\Tools\Binn\;C:\Program Files\Microsoft SQL Server\110\Tools\Binn\;C:\Program Files\Microsoft SQL Server\110\DTS\Binn\;C:\Program Files (x86)\Microsoft SQL Server\110\Tools\Binn\ManagementStudio\;C:\Program Files (x86)\Microsoft Visual Studio 10.0\Common7\IDE\PrivateAssemblies\;C:\Program Files (x86)\Microsoft SQL Server\110\DTS\Binn\;C:\Users\DELL\AppData\Local\Microsoft\WindowsApps;
USERNAME=DELL
OS=Windows_NT
PROCESSOR_IDENTIFIER=Intel64 Family 6 Model 142 Stepping 10, GenuineIntel



---------------  S Y S T E M  ---------------

OS: Windows 10.0 , 64 bit Build 18362 (10.0.18362.329)

CPU:total 8 (initial active 8) (4 cores per cpu, 2 threads per core) family 6 model 142 stepping 10, cmov, cx8, fxsr, mmx, sse, sse2, sse3, ssse3, sse4.1, sse4.2, popcnt, avx, avx2, aes, clmul, erms, 3dnowpref, lzcnt, ht, tsc, tscinvbit, bmi1, bmi2, adx

Memory: 4k page, physical 8250436k(1445920k free), swap 12444740k(5120k free)

vm_info: OpenJDK 64-Bit Server VM (25.71-b00) for windows-amd64 JRE (1.8.0-adoptopenjdk-_2018_05_19_00_59-b00), built on May 19 2018 01:02:12 by "jenkins" with MS VC++ 10.0 (VS2010)

time: Thu Nov 28 01:18:17 2019
elapsed time: 0 seconds (0d 0h 0m 0s)

